2019/10/02 17:40:02 [error] 519#519: *245 open() "/home/animesh/precisely/laravel-app/public/en/css/bootstrap.min.css" failed (2: No such file or directory), client: 127.0.0.1, server: precisely.test, request: "GET /en/css/bootstrap.min.css HTTP/1.1", host: "precisely.test", referrer: "http://precisely.test/en/login"
2019/10/02 17:40:02 [error] 519#519: *245 open() "/home/animesh/precisely/laravel-app/public/en/js/popper.min.js" failed (2: No such file or directory), client: 127.0.0.1, server: precisely.test, request: "GET /en/js/popper.min.js HTTP/1.1", host: "precisely.test", referrer: "http://precisely.test/en/login"
2019/10/02 17:40:02 [error] 519#519: *250 open() "/home/animesh/precisely/laravel-app/public/en/css/login.css" failed (2: No such file or directory), client: 127.0.0.1, server: precisely.test, request: "GET /en/css/login.css HTTP/1.1", host: "precisely.test", referrer: "http://precisely.test/en/login"
2019/10/02 17:40:02 [error] 519#519: *249 open() "/home/animesh/precisely/laravel-app/public/en/js/jquery.min.js" failed (2: No such file or directory), client: 127.0.0.1, server: precisely.test, request: "GET /en/js/jquery.min.js HTTP/1.1", host: "precisely.test", referrer: "http://precisely.test/en/login"
2019/10/02 17:40:02 [error] 519#519: *251 open() "/home/animesh/precisely/laravel-app/public/en/js/bootstrap.min.js" failed (2: No such file or directory), client: 127.0.0.1, server: precisely.test, request: "GET /en/js/bootstrap.min.js HTTP/1.1", host: "precisely.test", referrer: "http://precisely.test/en/login"
2019/10/02 17:40:02 [error] 519#519: *250 open() "/home/animesh/precisely/laravel-app/public/en/images/logo.png" failed (2: No such file or directory), client: 127.0.0.1, server: precisely.test, request: "GET /en/images/logo.png HTTP/1.1", host: "precisely.test", referrer: "http://precisely.test/en/login"
2019/10/02 17:40:02 [error] 519#519: *249 open() "/home/animesh/precisely/laravel-app/public/en/js/popper.min.js" failed (2: No such file or directory), client: 127.0.0.1, server: precisely.test, request: "GET /en/js/popper.min.js HTTP/1.1", host: "precisely.test", referrer: "http://precisely.test/en/login"
2019/10/02 17:40:02 [error] 519#519: *251 open() "/home/animesh/precisely/laravel-app/public/en/js/bootstrap.min.js" failed (2: No such file or directory), client: 127.0.0.1, server: precisely.test, request: "GET /en/js/bootstrap.min.js HTTP/1.1", host: "precisely.test", referrer: "http://precisely.test/en/login"
2019/10/02 17:40:02 [error] 519#519: *250 open() "/home/animesh/precisely/laravel-app/public/en/images/logo.png" failed (2: No such file or directory), client: 127.0.0.1, server: precisely.test, request: "GET /en/images/logo.png HTTP/1.1", host: "precisely.test", referrer: "http://precisely.test/en/login"
2019/10/02 17:40:06 [error] 519#519: *249 open() "/home/animesh/precisely/laravel-app/public/en/css/bootstrap.min.css" failed (2: No such file or directory), client: 127.0.0.1, server: precisely.test, request: "GET /en/css/bootstrap.min.css HTTP/1.1", host: "precisely.test", referrer: "http://precisely.test/en/login"
2019/10/02 17:40:06 [error] 519#519: *251 open() "/home/animesh/precisely/laravel-app/public/en/css/login.css" failed (2: No such file or directory), client: 127.0.0.1, server: precisely.test, request: "GET /en/css/login.css HTTP/1.1", host: "precisely.test", referrer: "http://precisely.test/en/login"
2019/10/02 17:40:06 [error] 519#519: *250 open() "/home/animesh/precisely/laravel-app/public/en/js/jquery.min.js" failed (2: No such file or directory), client: 127.0.0.1, server: precisely.test, request: "GET /en/js/jquery.min.js HTTP/1.1", host: "precisely.test", referrer: "http://precisely.test/en/login"
2019/10/02 17:40:06 [error] 519#519: *249 open() "/home/animesh/precisely/laravel-app/public/en/js/popper.min.js" failed (2: No such file or directory), client: 127.0.0.1, server: precisely.test, request: "GET /en/js/popper.min.js HTTP/1.1", host: "precisely.test", referrer: "http://precisely.test/en/login"
2019/10/02 17:40:06 [error] 519#519: *245 open() "/home/animesh/precisely/laravel-app/public/en/js/bootstrap.min.js" failed (2: No such file or directory), client: 127.0.0.1, server: precisely.test, request: "GET /en/js/bootstrap.min.js HTTP/1.1", host: "precisely.test", referrer: "http://precisely.test/en/login"
2019/10/02 17:40:06 [error] 519#519: *250 open() "/home/animesh/precisely/laravel-app/public/en/js/bootstrap.min.js" failed (2: No such file or directory), client: 127.0.0.1, server: precisely.test, request: "GET /en/js/bootstrap.min.js HTTP/1.1", host: "precisely.test", referrer: "http://precisely.test/en/login"
2019/10/02 17:40:07 [error] 519#519: *251 open() "/home/animesh/precisely/laravel-app/public/en/images/logo.png" failed (2: No such file or directory), client: 127.0.0.1, server: precisely.test, request: "GET /en/images/logo.png HTTP/1.1", host: "precisely.test", referrer: "http://precisely.test/en/login"
2019/10/02 17:40:07 [error] 519#519: *249 open() "/home/animesh/precisely/laravel-app/public/en/images/logo.png" failed (2: No such file or directory), client: 127.0.0.1, server: precisely.test, request: "GET /en/images/logo.png HTTP/1.1", host: "precisely.test", referrer: "http://precisely.test/en/login"
2019/10/02 17:40:46 [error] 519#519: *250 open() "/home/animesh/precisely/laravel-app/public/en/css/bootstrap.min.css" failed (2: No such file or directory), client: 127.0.0.1, server: precisely.test, request: "GET /en/css/bootstrap.min.css HTTP/1.1", host: "precisely.test", referrer: "http://precisely.test/en/login"
2019/10/02 17:40:46 [error] 519#519: *251 open() "/home/animesh/precisely/laravel-app/public/en/css/login.css" failed (2: No such file or directory), client: 127.0.0.1, server: precisely.test, request: "GET /en/css/login.css HTTP/1.1", host: "precisely.test", referrer: "http://precisely.test/en/login"
2019/10/02 17:40:46 [error] 519#519: *249 open() "/home/animesh/precisely/laravel-app/public/en/js/jquery.min.js" failed (2: No such file or directory), client: 127.0.0.1, server: precisely.test, request: "GET /en/js/jquery.min.js HTTP/1.1", host: "precisely.test", referrer: "http://precisely.test/en/login"
2019/10/02 17:40:46 [error] 519#519: *250 open() "/home/animesh/precisely/laravel-app/public/en/js/popper.min.js" failed (2: No such file or directory), client: 127.0.0.1, server: precisely.test, request: "GET /en/js/popper.min.js HTTP/1.1", host: "precisely.test", referrer: "http://precisely.test/en/login"
2019/10/02 17:40:46 [error] 519#519: *251 open() "/home/animesh/precisely/laravel-app/public/en/js/bootstrap.min.js" failed (2: No such file or directory), client: 127.0.0.1, server: precisely.test, request: "GET /en/js/bootstrap.min.js HTTP/1.1", host: "precisely.test", referrer: "http://precisely.test/en/login"
2019/10/02 17:40:46 [error] 519#519: *249 open() "/home/animesh/precisely/laravel-app/public/en/images/logo.png" failed (2: No such file or directory), client: 127.0.0.1, server: precisely.test, request: "GET /en/images/logo.png HTTP/1.1", host: "precisely.test", referrer: "http://precisely.test/en/login"
2019/10/02 17:40:46 [error] 519#519: *250 open() "/home/animesh/precisely/laravel-app/public/en/js/popper.min.js" failed (2: No such file or directory), client: 127.0.0.1, server: precisely.test, request: "GET /en/js/popper.min.js HTTP/1.1", host: "precisely.test", referrer: "http://precisely.test/en/login"
2019/10/02 17:40:46 [error] 519#519: *251 open() "/home/animesh/precisely/laravel-app/public/en/js/bootstrap.min.js" failed (2: No such file or directory), client: 127.0.0.1, server: precisely.test, request: "GET /en/js/bootstrap.min.js HTTP/1.1", host: "precisely.test", referrer: "http://precisely.test/en/login"
2019/10/02 17:40:46 [error] 519#519: *249 open() "/home/animesh/precisely/laravel-app/public/en/images/logo.png" failed (2: No such file or directory), client: 127.0.0.1, server: precisely.test, request: "GET /en/images/logo.png HTTP/1.1", host: "precisely.test", referrer: "http://precisely.test/en/login"
2019/10/02 17:45:47 [error] 519#519: *257 open() "/home/animesh/precisely/laravel-app/public/en/css/login.css" failed (2: No such file or directory), client: 127.0.0.1, server: precisely.test, request: "GET /en/css/login.css HTTP/1.1", host: "precisely.test", referrer: "http://precisely.test/en/login"
2019/10/02 17:45:47 [error] 519#519: *259 open() "/home/animesh/precisely/laravel-app/public/en/css/bootstrap.min.css" failed (2: No such file or directory), client: 127.0.0.1, server: precisely.test, request: "GET /en/css/bootstrap.min.css HTTP/1.1", host: "precisely.test", referrer: "http://precisely.test/en/login"
2019/10/02 17:59:51 [error] 519#519: *289 FastCGI sent in stderr: "PHP message: PHP Warning:  Uncaught ErrorException: Array to string conversion in /home/animesh/precisely/laravel-app/vendor/laravel/framework/src/Illuminate/Routing/RouteFileRegistrar.php:35
Stack trace:
#0 /home/animesh/precisely/laravel-app/vendor/laravel/framework/src/Illuminate/Routing/RouteFileRegistrar.php(35): Illuminate\Foundation\Bootstrap\HandleExceptions->handleError(8, 'Array to string...', '/home/animesh/p...', 35, Array)
#1 /home/animesh/precisely/laravel-app/vendor/laravel/framework/src/Illuminate/Routing/RouteFileRegistrar.php(35): require()
#2 /home/animesh/precisely/laravel-app/vendor/laravel/framework/src/Illuminate/Routing/Router.php(415): Illuminate\Routing\RouteFileRegistrar->register(Array)
#3 /home/animesh/precisely/laravel-app/vendor/laravel/framework/src/Illuminate/Routing/Router.php(373): Illuminate\Routing\Router->loadRoutes(Array)
#4 /home/animesh/precisely/laravel-app/vendor/laravel/framework/src/Illuminate/Routing/RouteRegistrar.php(121): Illuminate\Routing\Router->...PHP message: PHP Fatal error:  Illuminate\Routing\RouteFileRegistrar::register(): Failed opening required 'Array' (include_path='.:') in /home/animesh/precisely/laravel-app/vendor/laravel/framework/src/Illuminate/Routing/RouteFileRegistrar.php on line 35" while reading response header from upstream, client: 127.0.0.1, server: precisely.test, request: "GET / HTTP/1.1", upstream: "fastcgi://unix:/run/php-fpm/php-fpm.sock:", host: "precisely.test"
2019/10/02 18:01:43 [error] 519#519: *293 FastCGI sent in stderr: "PHP message: PHP Warning:  Uncaught ErrorException: Array to string conversion in /home/animesh/precisely/laravel-app/vendor/laravel/framework/src/Illuminate/Routing/RouteFileRegistrar.php:35
Stack trace:
#0 /home/animesh/precisely/laravel-app/vendor/laravel/framework/src/Illuminate/Routing/RouteFileRegistrar.php(35): Illuminate\Foundation\Bootstrap\HandleExceptions->handleError(8, 'Array to string...', '/home/animesh/p...', 35, Array)
#1 /home/animesh/precisely/laravel-app/vendor/laravel/framework/src/Illuminate/Routing/RouteFileRegistrar.php(35): require()
#2 /home/animesh/precisely/laravel-app/vendor/laravel/framework/src/Illuminate/Routing/Router.php(415): Illuminate\Routing\RouteFileRegistrar->register(Array)
#3 /home/animesh/precisely/laravel-app/vendor/laravel/framework/src/Illuminate/Routing/Router.php(373): Illuminate\Routing\Router->loadRoutes(Array)
#4 /home/animesh/precisely/laravel-app/vendor/laravel/framework/src/Illuminate/Routing/RouteRegistrar.php(121): Illuminate\Routing\Router->...PHP message: PHP Fatal error:  Illuminate\Routing\RouteFileRegistrar::register(): Failed opening required 'Array' (include_path='.:') in /home/animesh/precisely/laravel-app/vendor/laravel/framework/src/Illuminate/Routing/RouteFileRegistrar.php on line 35" while reading response header from upstream, client: 127.0.0.1, server: precisely.test, request: "GET / HTTP/1.1", upstream: "fastcgi://unix:/run/php-fpm/php-fpm.sock:", host: "precisely.test"
2019/10/02 18:02:30 [error] 519#519: *293 FastCGI sent in stderr: "PHP message: PHP Warning:  Uncaught ErrorException: Array to string conversion in /home/animesh/precisely/laravel-app/vendor/laravel/framework/src/Illuminate/Routing/RouteFileRegistrar.php:35
Stack trace:
#0 /home/animesh/precisely/laravel-app/vendor/laravel/framework/src/Illuminate/Routing/RouteFileRegistrar.php(35): Illuminate\Foundation\Bootstrap\HandleExceptions->handleError(8, 'Array to string...', '/home/animesh/p...', 35, Array)
#1 /home/animesh/precisely/laravel-app/vendor/laravel/framework/src/Illuminate/Routing/RouteFileRegistrar.php(35): require()
#2 /home/animesh/precisely/laravel-app/vendor/laravel/framework/src/Illuminate/Routing/Router.php(415): Illuminate\Routing\RouteFileRegistrar->register(Array)
#3 /home/animesh/precisely/laravel-app/vendor/laravel/framework/src/Illuminate/Routing/Router.php(373): Illuminate\Routing\Router->loadRoutes(Array)
#4 /home/animesh/precisely/laravel-app/vendor/laravel/framework/src/Illuminate/Routing/RouteRegistrar.php(121): Illuminate\Routing\Router->...PHP message: PHP Fatal error:  Illuminate\Routing\RouteFileRegistrar::register(): Failed opening required 'Array' (include_path='.:') in /home/animesh/precisely/laravel-app/vendor/laravel/framework/src/Illuminate/Routing/RouteFileRegistrar.php on line 35" while reading response header from upstream, client: 127.0.0.1, server: precisely.test, request: "GET / HTTP/1.1", upstream: "fastcgi://unix:/run/php-fpm/php-fpm.sock:", host: "precisely.test"
2019/10/02 18:03:40 [error] 519#519: *296 FastCGI sent in stderr: "PHP message: PHP Warning:  Uncaught ErrorException: Array to string conversion in /home/animesh/precisely/laravel-app/vendor/laravel/framework/src/Illuminate/Routing/RouteFileRegistrar.php:35
Stack trace:
#0 /home/animesh/precisely/laravel-app/vendor/laravel/framework/src/Illuminate/Routing/RouteFileRegistrar.php(35): Illuminate\Foundation\Bootstrap\HandleExceptions->handleError(8, 'Array to string...', '/home/animesh/p...', 35, Array)
#1 /home/animesh/precisely/laravel-app/vendor/laravel/framework/src/Illuminate/Routing/RouteFileRegistrar.php(35): require()
#2 /home/animesh/precisely/laravel-app/vendor/laravel/framework/src/Illuminate/Routing/Router.php(415): Illuminate\Routing\RouteFileRegistrar->register(Array)
#3 /home/animesh/precisely/laravel-app/vendor/laravel/framework/src/Illuminate/Routing/Router.php(373): Illuminate\Routing\Router->loadRoutes(Array)
#4 /home/animesh/precisely/laravel-app/vendor/laravel/framework/src/Illuminate/Routing/RouteRegistrar.php(121): Illuminate\Routing\Router->...PHP message: PHP Fatal error:  Illuminate\Routing\RouteFileRegistrar::register(): Failed opening required 'Array' (include_path='.:') in /home/animesh/precisely/laravel-app/vendor/laravel/framework/src/Illuminate/Routing/RouteFileRegistrar.php on line 35" while reading response header from upstream, client: 127.0.0.1, server: precisely.test, request: "GET / HTTP/1.1", upstream: "fastcgi://unix:/run/php-fpm/php-fpm.sock:", host: "precisely.test"
2019/10/02 18:04:39 [error] 519#519: *296 FastCGI sent in stderr: "PHP message: PHP Warning:  Uncaught ErrorException: Array to string conversion in /home/animesh/precisely/laravel-app/vendor/laravel/framework/src/Illuminate/Routing/RouteFileRegistrar.php:35
Stack trace:
#0 /home/animesh/precisely/laravel-app/vendor/laravel/framework/src/Illuminate/Routing/RouteFileRegistrar.php(35): Illuminate\Foundation\Bootstrap\HandleExceptions->handleError(8, 'Array to string...', '/home/animesh/p...', 35, Array)
#1 /home/animesh/precisely/laravel-app/vendor/laravel/framework/src/Illuminate/Routing/RouteFileRegistrar.php(35): require()
#2 /home/animesh/precisely/laravel-app/vendor/laravel/framework/src/Illuminate/Routing/Router.php(415): Illuminate\Routing\RouteFileRegistrar->register(Array)
#3 /home/animesh/precisely/laravel-app/vendor/laravel/framework/src/Illuminate/Routing/Router.php(373): Illuminate\Routing\Router->loadRoutes(Array)
#4 /home/animesh/precisely/laravel-app/vendor/laravel/framework/src/Illuminate/Routing/RouteRegistrar.php(121): Illuminate\Routing\Router->...PHP message: PHP Fatal error:  Illuminate\Routing\RouteFileRegistrar::register(): Failed opening required 'Array' (include_path='.:') in /home/animesh/precisely/laravel-app/vendor/laravel/framework/src/Illuminate/Routing/RouteFileRegistrar.php on line 35" while reading response header from upstream, client: 127.0.0.1, server: precisely.test, request: "GET / HTTP/1.1", upstream: "fastcgi://unix:/run/php-fpm/php-fpm.sock:", host: "precisely.test"
2019/10/02 18:04:46 [error] 519#519: *296 FastCGI sent in stderr: "PHP message: PHP Warning:  Uncaught ErrorException: Array to string conversion in /home/animesh/precisely/laravel-app/vendor/laravel/framework/src/Illuminate/Routing/RouteFileRegistrar.php:35
Stack trace:
#0 /home/animesh/precisely/laravel-app/vendor/laravel/framework/src/Illuminate/Routing/RouteFileRegistrar.php(35): Illuminate\Foundation\Bootstrap\HandleExceptions->handleError(8, 'Array to string...', '/home/animesh/p...', 35, Array)
#1 /home/animesh/precisely/laravel-app/vendor/laravel/framework/src/Illuminate/Routing/RouteFileRegistrar.php(35): require()
#2 /home/animesh/precisely/laravel-app/vendor/laravel/framework/src/Illuminate/Routing/Router.php(415): Illuminate\Routing\RouteFileRegistrar->register(Array)
#3 /home/animesh/precisely/laravel-app/vendor/laravel/framework/src/Illuminate/Routing/Router.php(373): Illuminate\Routing\Router->loadRoutes(Array)
#4 /home/animesh/precisely/laravel-app/vendor/laravel/framework/src/Illuminate/Routing/RouteRegistrar.php(121): Illuminate\Routing\Router->...PHP message: PHP Fatal error:  Illuminate\Routing\RouteFileRegistrar::register(): Failed opening required 'Array' (include_path='.:') in /home/animesh/precisely/laravel-app/vendor/laravel/framework/src/Illuminate/Routing/RouteFileRegistrar.php on line 35" while reading response header from upstream, client: 127.0.0.1, server: precisely.test, request: "GET / HTTP/1.1", upstream: "fastcgi://unix:/run/php-fpm/php-fpm.sock:", host: "precisely.test"
2019/10/02 18:06:29 [error] 519#519: *315 FastCGI sent in stderr: "PHP message: PHP Warning:  Uncaught ErrorException: Array to string conversion in /home/animesh/precisely/laravel-app/vendor/laravel/framework/src/Illuminate/Routing/RouteFileRegistrar.php:35
Stack trace:
#0 /home/animesh/precisely/laravel-app/vendor/laravel/framework/src/Illuminate/Routing/RouteFileRegistrar.php(35): Illuminate\Foundation\Bootstrap\HandleExceptions->handleError(8, 'Array to string...', '/home/animesh/p...', 35, Array)
#1 /home/animesh/precisely/laravel-app/vendor/laravel/framework/src/Illuminate/Routing/RouteFileRegistrar.php(35): require()
#2 /home/animesh/precisely/laravel-app/vendor/laravel/framework/src/Illuminate/Routing/Router.php(415): Illuminate\Routing\RouteFileRegistrar->register(Array)
#3 /home/animesh/precisely/laravel-app/vendor/laravel/framework/src/Illuminate/Routing/Router.php(373): Illuminate\Routing\Router->loadRoutes(Array)
#4 /home/animesh/precisely/laravel-app/vendor/laravel/framework/src/Illuminate/Routing/RouteRegistrar.php(121): Illuminate\Routing\Router->...PHP message: PHP Fatal error:  Illuminate\Routing\RouteFileRegistrar::register(): Failed opening required 'Array' (include_path='.:') in /home/animesh/precisely/laravel-app/vendor/laravel/framework/src/Illuminate/Routing/RouteFileRegistrar.php on line 35" while reading response header from upstream, client: 127.0.0.1, server: precisely.test, request: "GET / HTTP/1.1", upstream: "fastcgi://unix:/run/php-fpm/php-fpm.sock:", host: "precisely.test"
